{"name": "Complete auth lifecycle: sign in → create → delete → sign out", "status": "broken", "statusDetails": {"message": "selenium.common.exceptions.InvalidSessionIdException: Message: invalid session id\nStacktrace:\nSymbols not available. Dumping unresolved backtrace:\n\t0xcc4093\n\t0xcc40d4\n\t0xace56b\n\t0xb0ce58\n\t0xb3c7c6\n\t0xb38030\n\t0xb37563\n\t0xa9e4dd\n\t0xa9ea6e\n\t0xa9ef3d\n\t0xf35744\n\t0xf3091a\n\t0xcec322\n\t0xcdc458\n\t0xce31dd\n\t0xa9e193\n\t0xa9d848\n\t0x108b05f\n\t0x75f6fcc9\n\t0x77ab82ae\n\t0x77ab827e", "trace": "E   selenium.common.exceptions.InvalidSessionIdException: Message: invalid session id: session deleted as the browser has closed the connection\n    from disconnected: unable to send message to renderer\n      (Session info: chrome=142.0.7444.163)\n    Stacktrace:\n    Symbols not available. Dumping unresolved backtrace:\n    \t0xcc4093\n    \t0xcc40d4\n    \t0xace71d\n    \t0xabdeb9\n    \t0xabde36\n    \t0xabc5f7\n    \t0xabd3c7\n    \t0xad3687\n    \t0xad3e38\n    \t0xad7864\n    \t0xad78f8\n    \t0xb19886\n    \t0xb1a41b\n    \t0xb617f2\n    \t0xb3c954\n    \t0xb5ee17\n    \t0xb3c706\n    \t0xb0da30\n    \t0xb0ed54\n    \t0xf35744\n    \t0xf3091a\n    \t0xcec322\n    \t0xcdc458\n    \t0xce31dd\n    \t0xccc408\n    \t0xccc5cc\n    \t0xcb675a\n    \t0x75f6fcc9\n    \t0x77ab82ae\n    \t0x77ab827e\n\nDuring handling of the above exception, another exception occurred:\nE   selenium.common.exceptions.InvalidSessionIdException: Message: invalid session id\n    Stacktrace:\n    Symbols not available. Dumping unresolved backtrace:\n    \t0xcc4093\n    \t0xcc40d4\n    \t0xace56b\n    \t0xb0ce58\n    \t0xb3c7c6\n    \t0xb38030\n    \t0xb37563\n    \t0xa9e4dd\n    \t0xa9ea6e\n    \t0xa9ef3d\n    \t0xf35744\n    \t0xf3091a\n    \t0xcec322\n    \t0xcdc458\n    \t0xce31dd\n    \t0xa9e193\n    \t0xa9d848\n    \t0x108b05f\n    \t0x75f6fcc9\n    \t0x77ab82ae\n    \t0x77ab827e"}, "description": "This test validates the complete authentication lifecycle:\n1. Navigate to ChatGPT\n2. Open extension popup\n3. Sign in with Google OAuth\n4. Wait for Firebase decryption\n5. Create a test profile\n6. Verify profile exists\n7. Delete the profile\n8. Sign out\n\nThis is the foundational test - all other tests depend on this flow working.", "steps": [{"name": "Execute mandatory flow (ChatGPT → Popup → OAuth → Decrypt)", "status": "broken", "statusDetails": {"message": "selenium.common.exceptions.InvalidSessionIdException: Message: invalid session id: session deleted as the browser has closed the connection\nfrom disconnected: unable to send message to renderer\n  (Session info: chrome=142.0.7444.163)\nStacktrace:\nSymbols not available. Dumping unresolved backtrace:\n\t0xcc4093\n\t0xcc40d4\n\t0xace71d\n\t0xabdeb9\n\t0xabde36\n\t0xabc5f7\n\t0xabd3c7\n\t0xad3687\n\t0xad3e38\n\t0xad7864\n\t0xad78f8\n\t0xb19886\n\t0xb1a41b\n\t0xb617f2\n\t0xb3c954\n\t0xb5ee17\n\t0xb3c706\n\t0xb0da30\n\t0xb0ed54\n\t0xf35744\n\t0xf3091a\n\t0xcec322\n\t0xcdc458\n\t0xce31dd\n\t0xccc408\n\t0xccc5cc\n\t0xcb675a\n\t0x75f6fcc9\n\t0x77ab82ae\n\t0x77ab827e\n\n", "trace": "  File \"H:\\AI_Interceptor\\tests\\e2e-selenium\\tests\\02_auth\\test_auth_lifecycle.py\", line 91, in test_complete_auth_lifecycle\n    windows = harness.complete_mandatory_flow(popup_method='coordinates')\n  File \"H:\\AI_Interceptor\\tests\\e2e-selenium\\helpers\\test_harness.py\", line 239, in complete_mandatory_flow\n    self.sign_in_google_oauth()\n    ~~~~~~~~~~~~~~~~~~~~~~~~~^^\n  File \"H:\\AI_Interceptor\\tests\\e2e-selenium\\helpers\\test_harness.py\", line 152, in sign_in_google_oauth\n    self.auth_helper.sign_in_google_oauth(self.popup_window)\n    ~~~~~~~~~~~~~~~~~~~~~~~~~~~~~~~~~~~~~^^^^^^^^^^^^^^^^^^^\n  File \"H:\\AI_Interceptor\\tests\\e2e-selenium\\helpers\\auth_helper.py\", line 89, in sign_in_google_oauth\n    sign_in_btn = self.wait.until(\n        EC.element_to_be_clickable((By.ID, 'headerSignInBtn'))\n    )\n  File \"C:\\Users\\gregc\\AppData\\Local\\Programs\\Python\\Python313\\Lib\\site-packages\\selenium\\webdriver\\support\\wait.py\", line 96, in until\n    value = method(self._driver)\n  File \"C:\\Users\\gregc\\AppData\\Local\\Programs\\Python\\Python313\\Lib\\site-packages\\selenium\\webdriver\\support\\expected_conditions.py\", line 363, in _predicate\n    target = driver.find_element(*target)  # grab element at locator\n  File \"C:\\Users\\gregc\\AppData\\Local\\Programs\\Python\\Python313\\Lib\\site-packages\\selenium\\webdriver\\remote\\webdriver.py\", line 770, in find_element\n    return self.execute(Command.FIND_ELEMENT, {\"using\": by, \"value\": value})[\"value\"]\n           ~~~~~~~~~~~~^^^^^^^^^^^^^^^^^^^^^^^^^^^^^^^^^^^^^^^^^^^^^^^^^^^^^\n  File \"C:\\Users\\gregc\\AppData\\Local\\Programs\\Python\\Python313\\Lib\\site-packages\\selenium\\webdriver\\remote\\webdriver.py\", line 384, in execute\n    self.error_handler.check_response(response)\n    ~~~~~~~~~~~~~~~~~~~~~~~~~~~~~~~~~^^^^^^^^^^\n  File \"C:\\Users\\gregc\\AppData\\Local\\Programs\\Python\\Python313\\Lib\\site-packages\\selenium\\webdriver\\remote\\errorhandler.py\", line 232, in check_response\n    raise exception_class(message, screen, stacktrace)\n"}, "start": 1763204381898, "stop": 1763204395618}], "attachments": [{"name": "log", "source": "ada02650-a7eb-4ddc-84fd-d41401149082-attachment.txt", "type": "text/plain"}], "start": 1763204381897, "stop": 1763204395626, "uuid": "9239ea3b-01c6-4e37-b2ce-8c4931805970", "historyId": "e4643c2fb41c037e02d64a9a6c0d0559", "testCaseId": "e4643c2fb41c037e02d64a9a6c0d0559", "fullName": "tests.02_auth.test_auth_lifecycle.TestAuthLifecycle#test_complete_auth_lifecycle", "labels": [{"name": "story", "value": "Complete Auth Lifecycle"}, {"name": "severity", "value": "blocker"}, {"name": "feature", "value": "Authentication"}, {"name": "tag", "value": "critical"}, {"name": "tag", "value": "auth"}, {"name": "parentSuite", "value": "tests.02_auth"}, {"name": "suite", "value": "test_auth_lifecycle"}, {"name": "subSuite", "value": "TestAuthLifecycle"}, {"name": "host", "value": "DESKTOP-FMTNKI6"}, {"name": "thread", "value": "18484-MainThread"}, {"name": "framework", "value": "pytest"}, {"name": "language", "value": "cpython3"}, {"name": "package", "value": "tests.02_auth.test_auth_lifecycle"}]}