{"name": "Complete auth lifecycle: sign in → create → delete → sign out", "status": "broken", "statusDetails": {"message": "selenium.common.exceptions.TimeoutException: Message: \nStacktrace:\nSymbols not available. Dumping unresolved backtrace:\n\t0xcc4093\n\t0xcc40d4\n\t0xace71d\n\t0xb1a03d\n\t0xb1a41b\n\t0xb617f2\n\t0xb3c954\n\t0xb5ee17\n\t0xb3c706\n\t0xb0da30\n\t0xb0ed54\n\t0xf35744\n\t0xf3091a\n\t0xcec322\n\t0xcdc458\n\t0xce31dd\n\t0xccc408\n\t0xccc5cc\n\t0xcb675a\n\t0x75f6fcc9\n\t0x77ab82ae\n\t0x77ab827e", "trace": "E   selenium.common.exceptions.TimeoutException: Message: \n    Stacktrace:\n    Symbols not available. Dumping unresolved backtrace:\n    \t0xcc4093\n    \t0xcc40d4\n    \t0xace71d\n    \t0xb1a03d\n    \t0xb1a41b\n    \t0xb617f2\n    \t0xb3c954\n    \t0xb5ee17\n    \t0xb3c706\n    \t0xb0da30\n    \t0xb0ed54\n    \t0xf35744\n    \t0xf3091a\n    \t0xcec322\n    \t0xcdc458\n    \t0xce31dd\n    \t0xccc408\n    \t0xccc5cc\n    \t0xcb675a\n    \t0x75f6fcc9\n    \t0x77ab82ae\n    \t0x77ab827e"}, "description": "This test validates the complete authentication lifecycle:\n1. Navigate to ChatGPT\n2. Open extension popup\n3. Sign in with Google OAuth\n4. Wait for Firebase decryption\n5. Create a test profile\n6. Verify profile exists\n7. Delete the profile\n8. Sign out\n\nThis is the foundational test - all other tests depend on this flow working.", "steps": [{"name": "Execute mandatory flow (ChatGPT → Popup → OAuth → Decrypt)", "status": "broken", "statusDetails": {"message": "selenium.common.exceptions.TimeoutException: Message: \nStacktrace:\nSymbols not available. Dumping unresolved backtrace:\n\t0xcc4093\n\t0xcc40d4\n\t0xace71d\n\t0xb1a03d\n\t0xb1a41b\n\t0xb617f2\n\t0xb3c954\n\t0xb5ee17\n\t0xb3c706\n\t0xb0da30\n\t0xb0ed54\n\t0xf35744\n\t0xf3091a\n\t0xcec322\n\t0xcdc458\n\t0xce31dd\n\t0xccc408\n\t0xccc5cc\n\t0xcb675a\n\t0x75f6fcc9\n\t0x77ab82ae\n\t0x77ab827e\n\n", "trace": "  File \"H:\\AI_Interceptor\\tests\\e2e-selenium\\tests\\02_auth\\test_auth_lifecycle.py\", line 91, in test_complete_auth_lifecycle\n    windows = harness.complete_mandatory_flow(popup_method='coordinates')\n  File \"H:\\AI_Interceptor\\tests\\e2e-selenium\\helpers\\test_harness.py\", line 268, in complete_mandatory_flow\n    self.sign_in_google_oauth()\n    ~~~~~~~~~~~~~~~~~~~~~~~~~^^\n  File \"H:\\AI_Interceptor\\tests\\e2e-selenium\\helpers\\test_harness.py\", line 181, in sign_in_google_oauth\n    self.auth_helper.sign_in_google_oauth(self.popup_window)\n    ~~~~~~~~~~~~~~~~~~~~~~~~~~~~~~~~~~~~~^^^^^^^^^^^^^^^^^^^\n  File \"H:\\AI_Interceptor\\tests\\e2e-selenium\\helpers\\auth_helper.py\", line 89, in sign_in_google_oauth\n    sign_in_btn = self.wait.until(\n        EC.element_to_be_clickable((By.ID, 'headerSignInBtn'))\n    )\n  File \"C:\\Users\\gregc\\AppData\\Local\\Programs\\Python\\Python313\\Lib\\site-packages\\selenium\\webdriver\\support\\wait.py\", line 105, in until\n    raise TimeoutException(message, screen, stacktrace)\n"}, "start": 1763206189604, "stop": 1763206208873}], "attachments": [{"name": "test_failure", "source": "5cbcca04-ba75-46c2-96bb-7535ed4b66ca-attachment.png", "type": "image/png"}, {"name": "failure_test_complete_auth_lifecycle", "source": "163ec72b-6027-433b-b256-0c67eefb8235-attachment.png", "type": "image/png"}, {"name": "log", "source": "d8fa4d00-39a0-4cb0-9611-b2af78c72480-attachment.txt", "type": "text/plain"}], "start": 1763206189604, "stop": 1763206209047, "uuid": "27156d49-ca23-4b7f-a035-a51f8655549e", "historyId": "e4643c2fb41c037e02d64a9a6c0d0559", "testCaseId": "e4643c2fb41c037e02d64a9a6c0d0559", "fullName": "tests.02_auth.test_auth_lifecycle.TestAuthLifecycle#test_complete_auth_lifecycle", "labels": [{"name": "story", "value": "Complete Auth Lifecycle"}, {"name": "severity", "value": "blocker"}, {"name": "feature", "value": "Authentication"}, {"name": "tag", "value": "critical"}, {"name": "tag", "value": "auth"}, {"name": "parentSuite", "value": "tests.02_auth"}, {"name": "suite", "value": "test_auth_lifecycle"}, {"name": "subSuite", "value": "TestAuthLifecycle"}, {"name": "host", "value": "DESKTOP-FMTNKI6"}, {"name": "thread", "value": "29728-MainThread"}, {"name": "framework", "value": "pytest"}, {"name": "language", "value": "cpython3"}, {"name": "package", "value": "tests.02_auth.test_auth_lifecycle"}]}