{"name": "Complete auth lifecycle: sign in → create → delete → sign out", "status": "broken", "statusDetails": {"message": "selenium.common.exceptions.TimeoutException: Message: \nStacktrace:\nSymbols not available. Dumping unresolved backtrace:\n\t0xcc4093\n\t0xcc40d4\n\t0xace71d\n\t0xb1a03d\n\t0xb1a41b\n\t0xb617f2\n\t0xb3c954\n\t0xb5ee17\n\t0xb3c706\n\t0xb0da30\n\t0xb0ed54\n\t0xf35744\n\t0xf3091a\n\t0xcec322\n\t0xcdc458\n\t0xce31dd\n\t0xccc408\n\t0xccc5cc\n\t0xcb675a\n\t0x75f6fcc9\n\t0x77ab82ae\n\t0x77ab827e", "trace": "tests\\e2e-selenium\\tests\\02_auth\\test_auth_lifecycle.py:91: in test_complete_auth_lifecycle\n    windows = harness.complete_mandatory_flow(popup_method='coordinates')\ntests\\e2e-selenium\\helpers\\test_harness.py:239: in complete_mandatory_flow\n    self.sign_in_google_oauth()\ntests\\e2e-selenium\\helpers\\test_harness.py:152: in sign_in_google_oauth\n    self.auth_helper.sign_in_google_oauth(self.popup_window)\ntests\\e2e-selenium\\helpers\\auth_helper.py:89: in sign_in_google_oauth\n    sign_in_btn = self.wait.until(\nC:\\Users\\gregc\\AppData\\Local\\Programs\\Python\\Python313\\Lib\\site-packages\\selenium\\webdriver\\support\\wait.py:105: in until\n    raise TimeoutException(message, screen, stacktrace)\nE   selenium.common.exceptions.TimeoutException: Message: \nE   Stacktrace:\nE   Symbols not available. Dumping unresolved backtrace:\nE   \t0xcc4093\nE   \t0xcc40d4\nE   \t0xace71d\nE   \t0xb1a03d\nE   \t0xb1a41b\nE   \t0xb617f2\nE   \t0xb3c954\nE   \t0xb5ee17\nE   \t0xb3c706\nE   \t0xb0da30\nE   \t0xb0ed54\nE   \t0xf35744\nE   \t0xf3091a\nE   \t0xcec322\nE   \t0xcdc458\nE   \t0xce31dd\nE   \t0xccc408\nE   \t0xccc5cc\nE   \t0xcb675a\nE   \t0x75f6fcc9\nE   \t0x77ab82ae\nE   \t0x77ab827e"}, "description": "This test validates the complete authentication lifecycle:\n1. Navigate to ChatGPT\n2. Open extension popup\n3. Sign in with Google OAuth\n4. Wait for Firebase decryption\n5. Create a test profile\n6. Verify profile exists\n7. Delete the profile\n8. Sign out\n\nThis is the foundational test - all other tests depend on this flow working.", "steps": [{"name": "Execute mandatory flow (ChatGPT → Popup → OAuth → Decrypt)", "status": "broken", "statusDetails": {"message": "selenium.common.exceptions.TimeoutException: Message: \nStacktrace:\nSymbols not available. Dumping unresolved backtrace:\n\t0xcc4093\n\t0xcc40d4\n\t0xace71d\n\t0xb1a03d\n\t0xb1a41b\n\t0xb617f2\n\t0xb3c954\n\t0xb5ee17\n\t0xb3c706\n\t0xb0da30\n\t0xb0ed54\n\t0xf35744\n\t0xf3091a\n\t0xcec322\n\t0xcdc458\n\t0xce31dd\n\t0xccc408\n\t0xccc5cc\n\t0xcb675a\n\t0x75f6fcc9\n\t0x77ab82ae\n\t0x77ab827e\n\n", "trace": "  File \"H:\\AI_Interceptor\\tests\\e2e-selenium\\tests\\02_auth\\test_auth_lifecycle.py\", line 91, in test_complete_auth_lifecycle\n    windows = harness.complete_mandatory_flow(popup_method='coordinates')\n  File \"H:\\AI_Interceptor\\tests\\e2e-selenium\\helpers\\test_harness.py\", line 239, in complete_mandatory_flow\n    self.sign_in_google_oauth()\n    ~~~~~~~~~~~~~~~~~~~~~~~~~^^\n  File \"H:\\AI_Interceptor\\tests\\e2e-selenium\\helpers\\test_harness.py\", line 152, in sign_in_google_oauth\n    self.auth_helper.sign_in_google_oauth(self.popup_window)\n    ~~~~~~~~~~~~~~~~~~~~~~~~~~~~~~~~~~~~~^^^^^^^^^^^^^^^^^^^\n  File \"H:\\AI_Interceptor\\tests\\e2e-selenium\\helpers\\auth_helper.py\", line 89, in sign_in_google_oauth\n    sign_in_btn = self.wait.until(\n        EC.element_to_be_clickable((By.ID, 'headerSignInBtn'))\n    )\n  File \"C:\\Users\\gregc\\AppData\\Local\\Programs\\Python\\Python313\\Lib\\site-packages\\selenium\\webdriver\\support\\wait.py\", line 105, in until\n    raise TimeoutException(message, screen, stacktrace)\n"}, "start": 1763204289858, "stop": 1763204306239}], "attachments": [{"name": "test_failure", "source": "6701082d-7ce4-43d0-827f-2f70fe906587-attachment.png", "type": "image/png"}, {"name": "log", "source": "d85827fb-7c56-40c7-a00d-321488951903-attachment.txt", "type": "text/plain"}], "start": 1763204289858, "stop": 1763204306467, "uuid": "67342ac1-6619-4e0d-ab72-82fc87d01251", "historyId": "e4643c2fb41c037e02d64a9a6c0d0559", "testCaseId": "e4643c2fb41c037e02d64a9a6c0d0559", "fullName": "tests.02_auth.test_auth_lifecycle.TestAuthLifecycle#test_complete_auth_lifecycle", "labels": [{"name": "story", "value": "Complete Auth Lifecycle"}, {"name": "feature", "value": "Authentication"}, {"name": "severity", "value": "blocker"}, {"name": "tag", "value": "critical"}, {"name": "tag", "value": "auth"}, {"name": "parentSuite", "value": "tests.02_auth"}, {"name": "suite", "value": "test_auth_lifecycle"}, {"name": "subSuite", "value": "TestAuthLifecycle"}, {"name": "host", "value": "DESKTOP-FMTNKI6"}, {"name": "thread", "value": "17588-MainThread"}, {"name": "framework", "value": "pytest"}, {"name": "language", "value": "cpython3"}, {"name": "package", "value": "tests.02_auth.test_auth_lifecycle"}]}